<?xml version="1.0" encoding="UTF-8"?>
<coverage generated="1587113628062" clover="3.2.0">
  <project timestamp="1587113628062" name="All files">
    <metrics statements="50" coveredstatements="50" conditionals="25" coveredconditionals="25" methods="18" coveredmethods="17" elements="93" coveredelements="92" complexity="0" loc="50" ncloc="50" packages="1" files="1" classes="1"/>
    <file name="index.js" path="C:\Users\simaodeveloper_pc\Documents\MonkeyTech\open-source\nunjucks-webpack-template-plugin\src\index.js">
      <metrics statements="50" coveredstatements="50" conditionals="25" coveredconditionals="25" methods="18" coveredmethods="17"/>
      <line num="1" count="1" type="stmt"/>
      <line num="2" count="1" type="stmt"/>
      <line num="3" count="1" type="stmt"/>
      <line num="5" count="1" type="stmt"/>
      <line num="7" count="1" type="stmt"/>
      <line num="16" count="7" type="stmt"/>
      <line num="23" count="7" type="stmt"/>
      <line num="25" count="7" type="stmt"/>
      <line num="29" count="3" type="stmt"/>
      <line num="30" count="3" type="cond" truecount="2" falsecount="0"/>
      <line num="31" count="2" type="cond" truecount="2" falsecount="0"/>
      <line num="37" count="1" type="stmt"/>
      <line num="39" count="1" type="cond" truecount="2" falsecount="0"/>
      <line num="43" count="5" type="stmt"/>
      <line num="45" count="5" type="stmt"/>
      <line num="46" count="30" type="stmt"/>
      <line num="48" count="30" type="stmt"/>
      <line num="49" count="55" type="stmt"/>
      <line num="50" count="55" type="stmt"/>
      <line num="52" count="55" type="cond" truecount="2" falsecount="0"/>
      <line num="53" count="25" type="stmt"/>
      <line num="56" count="30" type="cond" truecount="2" falsecount="0"/>
      <line num="60" count="5" type="cond" truecount="2" falsecount="0"/>
      <line num="65" count="5" type="stmt"/>
      <line num="67" count="5" type="stmt"/>
      <line num="71" count="2" type="cond" truecount="2" falsecount="0"/>
      <line num="72" count="2" type="stmt"/>
      <line num="74" count="12" type="stmt"/>
      <line num="81" count="12" type="stmt"/>
      <line num="84" count="12" type="cond" truecount="2" falsecount="0"/>
      <line num="88" count="18" type="stmt"/>
      <line num="89" count="18" type="stmt"/>
      <line num="91" count="18" type="cond" truecount="4" falsecount="0"/>
      <line num="94" count="2" type="stmt"/>
      <line num="98" count="10" type="stmt"/>
      <line num="107" count="1" type="cond" truecount="2" falsecount="0"/>
      <line num="109" count="9" type="stmt"/>
      <line num="111" count="1" type="stmt"/>
      <line num="114" count="6" type="cond" truecount="2" falsecount="0"/>
      <line num="115" count="3" type="stmt"/>
      <line num="117" count="3" type="stmt"/>
      <line num="118" count="6" type="stmt"/>
      <line num="120" count="6" type="stmt"/>
      <line num="121" count="12" type="stmt"/>
      <line num="124" count="6" type="stmt"/>
      <line num="128" count="3" type="stmt"/>
      <line num="136" count="1" type="stmt"/>
      <line num="139" count="1" type="stmt"/>
      <line num="141" count="1" type="stmt"/>
      <line num="145" count="1" type="stmt"/>
    </file>
  </project>
</coverage>
