{"C:\\Users\\simaodeveloper_pc\\Documents\\MonkeyTech\\open-source\\nunjucks-webpack-template-plugin\\src\\index.js": {"path":"C:\\Users\\simaodeveloper_pc\\Documents\\MonkeyTech\\open-source\\nunjucks-webpack-template-plugin\\src\\index.js","statementMap":{"0":{"start":{"line":1,"column":11},"end":{"line":1,"column":24}},"1":{"start":{"line":2,"column":13},"end":{"line":2,"column":28}},"2":{"start":{"line":3,"column":21},"end":{"line":3,"column":38}},"3":{"start":{"line":5,"column":14},"end":{"line":5,"column":32}},"4":{"start":{"line":7,"column":24},"end":{"line":12,"column":1}},"5":{"start":{"line":16,"column":4},"end":{"line":21,"column":6}},"6":{"start":{"line":23,"column":4},"end":{"line":23,"column":36}},"7":{"start":{"line":25,"column":4},"end":{"line":25,"column":48}},"8":{"start":{"line":29,"column":4},"end":{"line":33,"column":7}},"9":{"start":{"line":30,"column":6},"end":{"line":32,"column":7}},"10":{"start":{"line":31,"column":8},"end":{"line":31,"column":82}},"11":{"start":{"line":37,"column":25},"end":{"line":37,"column":62}},"12":{"start":{"line":39,"column":4},"end":{"line":39,"column":65}},"13":{"start":{"line":43,"column":18},"end":{"line":43,"column":20}},"14":{"start":{"line":45,"column":17},"end":{"line":58,"column":5}},"15":{"start":{"line":46,"column":20},"end":{"line":46,"column":45}},"16":{"start":{"line":48,"column":6},"end":{"line":57,"column":9}},"17":{"start":{"line":49,"column":25},"end":{"line":49,"column":54}},"18":{"start":{"line":50,"column":21},"end":{"line":50,"column":42}},"19":{"start":{"line":52,"column":8},"end":{"line":54,"column":9}},"20":{"start":{"line":53,"column":10},"end":{"line":53,"column":32}},"21":{"start":{"line":56,"column":8},"end":{"line":56,"column":51}},"22":{"start":{"line":60,"column":4},"end":{"line":63,"column":6}},"23":{"start":{"line":65,"column":4},"end":{"line":65,"column":47}},"24":{"start":{"line":67,"column":4},"end":{"line":67,"column":17}},"25":{"start":{"line":71,"column":18},"end":{"line":71,"column":56}},"26":{"start":{"line":72,"column":19},"end":{"line":92,"column":8}},"27":{"start":{"line":74,"column":20},"end":{"line":78,"column":30}},"28":{"start":{"line":81,"column":8},"end":{"line":81,"column":81}},"29":{"start":{"line":84,"column":8},"end":{"line":84,"column":35}},"30":{"start":{"line":88,"column":18},"end":{"line":88,"column":58}},"31":{"start":{"line":89,"column":18},"end":{"line":89,"column":58}},"32":{"start":{"line":91,"column":8},"end":{"line":91,"column":43}},"33":{"start":{"line":94,"column":4},"end":{"line":94,"column":18}},"34":{"start":{"line":98,"column":4},"end":{"line":98,"column":37}},"35":{"start":{"line":107,"column":19},"end":{"line":107,"column":55}},"36":{"start":{"line":109,"column":21},"end":{"line":109,"column":67}},"37":{"start":{"line":109,"column":45},"end":{"line":109,"column":66}},"38":{"start":{"line":111,"column":16},"end":{"line":133,"column":6}},"39":{"start":{"line":114,"column":6},"end":{"line":126,"column":7}},"40":{"start":{"line":115,"column":8},"end":{"line":115,"column":49}},"41":{"start":{"line":117,"column":8},"end":{"line":125,"column":11}},"42":{"start":{"line":118,"column":25},"end":{"line":118,"column":30}},"43":{"start":{"line":120,"column":10},"end":{"line":122,"column":13}},"44":{"start":{"line":121,"column":12},"end":{"line":121,"column":56}},"45":{"start":{"line":124,"column":10},"end":{"line":124,"column":49}},"46":{"start":{"line":128,"column":6},"end":{"line":132,"column":8}},"47":{"start":{"line":136,"column":4},"end":{"line":136,"column":37}},"48":{"start":{"line":139,"column":4},"end":{"line":139,"column":33}},"49":{"start":{"line":141,"column":4},"end":{"line":141,"column":17}},"50":{"start":{"line":145,"column":0},"end":{"line":145,"column":22}}},"fnMap":{"0":{"name":"(anonymous_0)","decl":{"start":{"line":11,"column":2},"end":{"line":11,"column":3}},"loc":{"start":{"line":11,"column":15},"end":{"line":11,"column":17}},"line":11},"1":{"name":"(anonymous_1)","decl":{"start":{"line":15,"column":2},"end":{"line":15,"column":3}},"loc":{"start":{"line":15,"column":31},"end":{"line":26,"column":3}},"line":15},"2":{"name":"(anonymous_2)","decl":{"start":{"line":25,"column":38},"end":{"line":25,"column":39}},"loc":{"start":{"line":25,"column":44},"end":{"line":25,"column":46}},"line":25},"3":{"name":"(anonymous_3)","decl":{"start":{"line":28,"column":2},"end":{"line":28,"column":3}},"loc":{"start":{"line":28,"column":23},"end":{"line":34,"column":3}},"line":28},"4":{"name":"(anonymous_4)","decl":{"start":{"line":29,"column":33},"end":{"line":29,"column":34}},"loc":{"start":{"line":29,"column":43},"end":{"line":33,"column":5}},"line":29},"5":{"name":"(anonymous_5)","decl":{"start":{"line":36,"column":2},"end":{"line":36,"column":3}},"loc":{"start":{"line":36,"column":29},"end":{"line":40,"column":3}},"line":36},"6":{"name":"(anonymous_6)","decl":{"start":{"line":42,"column":2},"end":{"line":42,"column":3}},"loc":{"start":{"line":42,"column":52},"end":{"line":68,"column":3}},"line":42},"7":{"name":"(anonymous_7)","decl":{"start":{"line":45,"column":17},"end":{"line":45,"column":18}},"loc":{"start":{"line":45,"column":32},"end":{"line":58,"column":5}},"line":45},"8":{"name":"(anonymous_8)","decl":{"start":{"line":48,"column":20},"end":{"line":48,"column":21}},"loc":{"start":{"line":48,"column":28},"end":{"line":57,"column":7}},"line":48},"9":{"name":"(anonymous_9)","decl":{"start":{"line":70,"column":2},"end":{"line":70,"column":3}},"loc":{"start":{"line":70,"column":30},"end":{"line":95,"column":3}},"line":70},"10":{"name":"(anonymous_10)","decl":{"start":{"line":73,"column":11},"end":{"line":73,"column":12}},"loc":{"start":{"line":73,"column":19},"end":{"line":85,"column":7}},"line":73},"11":{"name":"(anonymous_11)","decl":{"start":{"line":86,"column":12},"end":{"line":86,"column":13}},"loc":{"start":{"line":86,"column":32},"end":{"line":92,"column":7}},"line":86},"12":{"name":"(anonymous_12)","decl":{"start":{"line":97,"column":2},"end":{"line":97,"column":3}},"loc":{"start":{"line":97,"column":21},"end":{"line":99,"column":3}},"line":97},"13":{"name":"(anonymous_13)","decl":{"start":{"line":106,"column":2},"end":{"line":106,"column":3}},"loc":{"start":{"line":106,"column":34},"end":{"line":142,"column":3}},"line":106},"14":{"name":"(anonymous_14)","decl":{"start":{"line":109,"column":21},"end":{"line":109,"column":22}},"loc":{"start":{"line":109,"column":45},"end":{"line":109,"column":66}},"line":109},"15":{"name":"(anonymous_15)","decl":{"start":{"line":111,"column":27},"end":{"line":111,"column":28}},"loc":{"start":{"line":111,"column":44},"end":{"line":133,"column":5}},"line":111},"16":{"name":"(anonymous_16)","decl":{"start":{"line":117,"column":28},"end":{"line":117,"column":29}},"loc":{"start":{"line":117,"column":50},"end":{"line":125,"column":9}},"line":117},"17":{"name":"(anonymous_17)","decl":{"start":{"line":120,"column":38},"end":{"line":120,"column":39}},"loc":{"start":{"line":120,"column":46},"end":{"line":122,"column":11}},"line":120}},"branchMap":{"0":{"loc":{"start":{"line":30,"column":6},"end":{"line":32,"column":7}},"type":"if","locations":[{"start":{"line":30,"column":6},"end":{"line":32,"column":7}},{"start":{"line":30,"column":6},"end":{"line":32,"column":7}}],"line":30},"1":{"loc":{"start":{"line":31,"column":39},"end":{"line":31,"column":81}},"type":"binary-expr","locations":[{"start":{"line":31,"column":39},"end":{"line":31,"column":54}},{"start":{"line":31,"column":58},"end":{"line":31,"column":81}}],"line":31},"2":{"loc":{"start":{"line":39,"column":4},"end":{"line":39,"column":64}},"type":"binary-expr","locations":[{"start":{"line":39,"column":4},"end":{"line":39,"column":31}},{"start":{"line":39,"column":35},"end":{"line":39,"column":64}}],"line":39},"3":{"loc":{"start":{"line":42,"column":33},"end":{"line":42,"column":50}},"type":"default-arg","locations":[{"start":{"line":42,"column":39},"end":{"line":42,"column":50}}],"line":42},"4":{"loc":{"start":{"line":52,"column":8},"end":{"line":54,"column":9}},"type":"if","locations":[{"start":{"line":52,"column":8},"end":{"line":54,"column":9}},{"start":{"line":52,"column":8},"end":{"line":54,"column":9}}],"line":52},"5":{"loc":{"start":{"line":56,"column":8},"end":{"line":56,"column":50}},"type":"binary-expr","locations":[{"start":{"line":56,"column":8},"end":{"line":56,"column":26}},{"start":{"line":56,"column":30},"end":{"line":56,"column":50}}],"line":56},"6":{"loc":{"start":{"line":60,"column":9},"end":{"line":62,"column":31}},"type":"cond-expr","locations":[{"start":{"line":61,"column":8},"end":{"line":61,"column":47}},{"start":{"line":62,"column":8},"end":{"line":62,"column":31}}],"line":60},"7":{"loc":{"start":{"line":71,"column":18},"end":{"line":71,"column":56}},"type":"binary-expr","locations":[{"start":{"line":71,"column":18},"end":{"line":71,"column":27}},{"start":{"line":71,"column":31},"end":{"line":71,"column":56}}],"line":71},"8":{"loc":{"start":{"line":84,"column":15},"end":{"line":84,"column":34}},"type":"cond-expr","locations":[{"start":{"line":84,"column":23},"end":{"line":84,"column":28}},{"start":{"line":84,"column":31},"end":{"line":84,"column":34}}],"line":84},"9":{"loc":{"start":{"line":91,"column":15},"end":{"line":91,"column":42}},"type":"cond-expr","locations":[{"start":{"line":91,"column":25},"end":{"line":91,"column":26}},{"start":{"line":91,"column":29},"end":{"line":91,"column":42}}],"line":91},"10":{"loc":{"start":{"line":91,"column":29},"end":{"line":91,"column":42}},"type":"binary-expr","locations":[{"start":{"line":91,"column":30},"end":{"line":91,"column":35}},{"start":{"line":91,"column":40},"end":{"line":91,"column":42}}],"line":91},"11":{"loc":{"start":{"line":107,"column":19},"end":{"line":107,"column":55}},"type":"binary-expr","locations":[{"start":{"line":107,"column":19},"end":{"line":107,"column":28}},{"start":{"line":107,"column":32},"end":{"line":107,"column":55}}],"line":107},"12":{"loc":{"start":{"line":114,"column":6},"end":{"line":126,"column":7}},"type":"if","locations":[{"start":{"line":114,"column":6},"end":{"line":126,"column":7}},{"start":{"line":114,"column":6},"end":{"line":126,"column":7}}],"line":114}},"s":{"0":1,"1":1,"2":1,"3":1,"4":1,"5":7,"6":7,"7":7,"8":3,"9":3,"10":2,"11":1,"12":1,"13":5,"14":5,"15":30,"16":30,"17":55,"18":55,"19":55,"20":25,"21":30,"22":5,"23":5,"24":5,"25":2,"26":2,"27":12,"28":12,"29":12,"30":18,"31":18,"32":18,"33":2,"34":10,"35":1,"36":1,"37":9,"38":1,"39":6,"40":3,"41":3,"42":6,"43":6,"44":12,"45":6,"46":3,"47":1,"48":1,"49":1,"50":1},"f":{"0":0,"1":7,"2":5,"3":3,"4":3,"5":1,"6":5,"7":30,"8":55,"9":2,"10":12,"11":18,"12":10,"13":1,"14":9,"15":6,"16":6,"17":12},"b":{"0":[2,1],"1":[2,1],"2":[1,1],"3":[5],"4":[25,30],"5":[30,30],"6":[1,4],"7":[2,2],"8":[10,2],"9":[10,8],"10":[8,8],"11":[1,1],"12":[3,3]},"_coverageSchema":"1a1c01bbd47fc00a2c39e90264f33305004495a9","hash":"9281d64ddb74fd415a7fdfea4d215cb0068922ab"}
}
