TN:
SF:src\index.js
FN:11,(anonymous_0)
FN:15,(anonymous_1)
FN:25,(anonymous_2)
FN:28,(anonymous_3)
FN:29,(anonymous_4)
FN:36,(anonymous_5)
FN:42,(anonymous_6)
FN:45,(anonymous_7)
FN:48,(anonymous_8)
FN:70,(anonymous_9)
FN:73,(anonymous_10)
FN:86,(anonymous_11)
FN:97,(anonymous_12)
FN:106,(anonymous_13)
FN:109,(anonymous_14)
FN:111,(anonymous_15)
FN:117,(anonymous_16)
FN:120,(anonymous_17)
FNF:18
FNH:17
FNDA:0,(anonymous_0)
FNDA:7,(anonymous_1)
FNDA:5,(anonymous_2)
FNDA:3,(anonymous_3)
FNDA:3,(anonymous_4)
FNDA:1,(anonymous_5)
FNDA:5,(anonymous_6)
FNDA:30,(anonymous_7)
FNDA:55,(anonymous_8)
FNDA:2,(anonymous_9)
FNDA:12,(anonymous_10)
FNDA:18,(anonymous_11)
FNDA:10,(anonymous_12)
FNDA:1,(anonymous_13)
FNDA:9,(anonymous_14)
FNDA:6,(anonymous_15)
FNDA:6,(anonymous_16)
FNDA:12,(anonymous_17)
DA:1,1
DA:2,1
DA:3,1
DA:5,1
DA:7,1
DA:16,7
DA:23,7
DA:25,7
DA:29,3
DA:30,3
DA:31,2
DA:37,1
DA:39,1
DA:43,5
DA:45,5
DA:46,30
DA:48,30
DA:49,55
DA:50,55
DA:52,55
DA:53,25
DA:56,30
DA:60,5
DA:65,5
DA:67,5
DA:71,2
DA:72,2
DA:74,12
DA:81,12
DA:84,12
DA:88,18
DA:89,18
DA:91,18
DA:94,2
DA:98,10
DA:107,1
DA:109,9
DA:111,1
DA:114,6
DA:115,3
DA:117,3
DA:118,6
DA:120,6
DA:121,12
DA:124,6
DA:128,3
DA:136,1
DA:139,1
DA:141,1
DA:145,1
LF:50
LH:50
BRDA:30,0,0,2
BRDA:30,0,1,1
BRDA:31,1,0,2
BRDA:31,1,1,1
BRDA:39,2,0,1
BRDA:39,2,1,1
BRDA:42,3,0,5
BRDA:52,4,0,25
BRDA:52,4,1,30
BRDA:56,5,0,30
BRDA:56,5,1,30
BRDA:60,6,0,1
BRDA:60,6,1,4
BRDA:71,7,0,2
BRDA:71,7,1,2
BRDA:84,8,0,10
BRDA:84,8,1,2
BRDA:91,9,0,10
BRDA:91,9,1,8
BRDA:91,10,0,8
BRDA:91,10,1,8
BRDA:107,11,0,1
BRDA:107,11,1,1
BRDA:114,12,0,3
BRDA:114,12,1,3
BRF:25
BRH:25
end_of_record
